<?xml version="1.0" encoding="UTF-8"?>
<testsuite xmlns:xsi="http://www.w3.org/2001/XMLSchema-instance" xsi:noNamespaceSchemaLocation="https://maven.apache.org/surefire/maven-surefire-plugin/xsd/surefire-test-report-3.0.xsd" version="3.0" name="ui.resetMessageTest" time="0.017" tests="3" errors="0" skipped="0" failures="0">
  <properties>
[...]
</properties>
  <testcase name="uiMsgCounterIncrementsBelow120" classname="ui.resetMessageTest" time="0.001"/>
  <testcase name="uiMsgCounterResetsAfter120" classname="ui.resetMessageTest" time="0.007"/>
  <testcase name="uiMsgCounterAt120" classname="ui.resetMessageTest" time="0.008"/>
</testsuite>